[debug] [2026-03-31T17:51:15.256Z] ----------------------------------------------------------------------
[debug] [2026-03-31T17:51:15.260Z] Command:       C:\Program Files\nodejs\node.exe C:\Users\Duster\AppData\Roaming\npm\node_modules\firebase-tools\lib\bin\firebase.js use avocat-brasov
[debug] [2026-03-31T17:51:15.260Z] CLI Version:   15.2.1
[debug] [2026-03-31T17:51:15.261Z] Platform:      win32
[debug] [2026-03-31T17:51:15.261Z] Node Version:  v24.13.0
[debug] [2026-03-31T17:51:15.261Z] Time:          Tue Mar 31 2026 20:51:15 GMT+0300 (Ora de vară a Europei de Est)
[debug] [2026-03-31T17:51:15.261Z] ----------------------------------------------------------------------
[debug] 
[debug] [2026-03-31T17:51:15.476Z] Object "" in "firebase.json" has unknown property: {"additionalProperty":"auth"}
[debug] [2026-03-31T17:51:15.478Z] > command requires scopes: ["email","openid","https://www.googleapis.com/auth/cloudplatformprojects.readonly","https://www.googleapis.com/auth/firebase","https://www.googleapis.com/auth/cloud-platform"]
[debug] [2026-03-31T17:51:15.478Z] > authorizing via signed-in user (serban.iulian4@gmail.com)
[debug] [2026-03-31T17:51:15.480Z] Checked if tokens are valid: false, expires at: 1774979436351
[debug] [2026-03-31T17:51:15.480Z] Checked if tokens are valid: false, expires at: 1774979436351
[debug] [2026-03-31T17:51:15.480Z] > refreshing access token with scopes: []
[debug] [2026-03-31T17:51:15.482Z] >>> [apiv2][query] POST https://www.googleapis.com/oauth2/v3/token [none]
[debug] [2026-03-31T17:51:15.482Z] >>> [apiv2][body] POST https://www.googleapis.com/oauth2/v3/token [omitted]
[debug] [2026-03-31T17:51:15.803Z] <<< [apiv2][status] POST https://www.googleapis.com/oauth2/v3/token 200
[debug] [2026-03-31T17:51:15.803Z] <<< [apiv2][body] POST https://www.googleapis.com/oauth2/v3/token [omitted]
[debug] [2026-03-31T17:51:15.814Z] >>> [apiv2][query] GET https://cloudresourcemanager.googleapis.com/v1/projects/avocat-brasov [none]
[debug] [2026-03-31T17:51:16.230Z] <<< [apiv2][status] GET https://cloudresourcemanager.googleapis.com/v1/projects/avocat-brasov 200
[debug] [2026-03-31T17:51:16.230Z] <<< [apiv2][body] GET https://cloudresourcemanager.googleapis.com/v1/projects/avocat-brasov {"projectNumber":"705152980465","projectId":"avocat-brasov","lifecycleState":"ACTIVE","name":"Avocat Brasov","labels":{"firebase":"enabled","firebase-core":"disabled"},"createTime":"2026-03-30T18:32:29.620Z"}
[info] Now using project avocat-brasov
[debug] [2026-03-31T17:51:21.507Z] Error: Timed out.
    at Timeout._onTimeout (C:\Users\Duster\AppData\Roaming\npm\node_modules\firebase-tools\lib\utils.js:308:49)
    at listOnTimeout (node:internal/timers:605:17)
    at process.processTimers (node:internal/timers:541:7)
[error] 
[error] Error: An unexpected error has occurred.
[debug] [2026-03-31T17:51:47.144Z] ----------------------------------------------------------------------
[debug] [2026-03-31T17:51:47.147Z] Command:       C:\Program Files\nodejs\node.exe C:\Users\Duster\AppData\Roaming\npm\node_modules\firebase-tools\lib\bin\firebase.js deploy --only hosting --debug
[debug] [2026-03-31T17:51:47.147Z] CLI Version:   15.2.1
[debug] [2026-03-31T17:51:47.147Z] Platform:      win32
[debug] [2026-03-31T17:51:47.147Z] Node Version:  v24.13.0
[debug] [2026-03-31T17:51:47.148Z] Time:          Tue Mar 31 2026 20:51:47 GMT+0300 (Ora de vară a Europei de Est)
[debug] [2026-03-31T17:51:47.148Z] ----------------------------------------------------------------------
[debug] 
[debug] [2026-03-31T17:51:50.016Z] Object "" in "firebase.json" has unknown property: {"additionalProperty":"auth"}
[debug] [2026-03-31T17:51:50.023Z] > command requires scopes: ["email","openid","https://www.googleapis.com/auth/cloudplatformprojects.readonly","https://www.googleapis.com/auth/firebase","https://www.googleapis.com/auth/cloud-platform"]
[debug] [2026-03-31T17:51:50.025Z] > authorizing via signed-in user (serban.iulian4@gmail.com)
[debug] [2026-03-31T17:51:50.026Z] [iam] checking project avocat-brasov for permissions ["firebase.projects.get","firebasehosting.sites.update"]
[debug] [2026-03-31T17:51:50.028Z] Checked if tokens are valid: true, expires at: 1774983074803
[debug] [2026-03-31T17:51:50.029Z] Checked if tokens are valid: true, expires at: 1774983074803
[debug] [2026-03-31T17:51:50.030Z] >>> [apiv2][query] POST https://cloudresourcemanager.googleapis.com/v1/projects/avocat-brasov:testIamPermissions [none]
[debug] [2026-03-31T17:51:50.031Z] >>> [apiv2][(partial)header] POST https://cloudresourcemanager.googleapis.com/v1/projects/avocat-brasov:testIamPermissions x-goog-quota-user=projects/avocat-brasov
[debug] [2026-03-31T17:51:50.034Z] >>> [apiv2][body] POST https://cloudresourcemanager.googleapis.com/v1/projects/avocat-brasov:testIamPermissions {"permissions":["firebase.projects.get","firebasehosting.sites.update"]}
[debug] [2026-03-31T17:51:51.085Z] <<< [apiv2][status] POST https://cloudresourcemanager.googleapis.com/v1/projects/avocat-brasov:testIamPermissions 200
[debug] [2026-03-31T17:51:51.086Z] <<< [apiv2][body] POST https://cloudresourcemanager.googleapis.com/v1/projects/avocat-brasov:testIamPermissions {"permissions":["firebase.projects.get","firebasehosting.sites.update"]}
[debug] [2026-03-31T17:51:51.087Z] Checked if tokens are valid: true, expires at: 1774983074803
[debug] [2026-03-31T17:51:51.087Z] Checked if tokens are valid: true, expires at: 1774983074803
[debug] [2026-03-31T17:51:51.088Z] >>> [apiv2][query] GET https://firebase.googleapis.com/v1beta1/projects/avocat-brasov [none]
[debug] [2026-03-31T17:51:51.653Z] <<< [apiv2][status] GET https://firebase.googleapis.com/v1beta1/projects/avocat-brasov 200
[debug] [2026-03-31T17:51:51.654Z] <<< [apiv2][body] GET https://firebase.googleapis.com/v1beta1/projects/avocat-brasov {"projectId":"avocat-brasov","projectNumber":"705152980465","displayName":"Avocat Brasov","name":"projects/avocat-brasov","resources":{"hostingSite":"avocat-brasov"},"state":"ACTIVE","etag":"1_e8001696-d692-4dfb-8095-7fc66bb36131"}
[info] 
[info] === Deploying to 'avocat-brasov'...
[info] 
[info] i  deploying hosting 
[debug] [2026-03-31T17:51:51.660Z] Checked if tokens are valid: true, expires at: 1774983074803
[debug] [2026-03-31T17:51:51.660Z] Checked if tokens are valid: true, expires at: 1774983074803
[debug] [2026-03-31T17:51:51.660Z] >>> [apiv2][query] POST https://firebasehosting.googleapis.com/v1beta1/projects/-/sites/avocat-brasov/versions [none]
[debug] [2026-03-31T17:51:51.661Z] >>> [apiv2][body] POST https://firebasehosting.googleapis.com/v1beta1/projects/-/sites/avocat-brasov/versions {"status":"CREATED","labels":{"deployment-tool":"cli-firebase"}}
[debug] [2026-03-31T17:51:55.202Z] <<< [apiv2][status] POST https://firebasehosting.googleapis.com/v1beta1/projects/-/sites/avocat-brasov/versions 200
[debug] [2026-03-31T17:51:55.202Z] <<< [apiv2][body] POST https://firebasehosting.googleapis.com/v1beta1/projects/-/sites/avocat-brasov/versions {"name":"projects/705152980465/sites/avocat-brasov/versions/d4bd1751f6d0d663","status":"CREATED","config":{},"labels":{"deployment-tool":"cli-firebase"}}
[info] i  hosting[avocat-brasov]: beginning deploy... 
[info] i  hosting[avocat-brasov]: found 1 files in out 
[debug] [2026-03-31T17:51:55.214Z] [hosting] uploading with 200 concurrency
[debug] [2026-03-31T17:51:55.216Z] [hosting] hash cache [b3V0] not populated
[debug] [2026-03-31T17:51:55.221Z] Checked if tokens are valid: true, expires at: 1774983074803
[debug] [2026-03-31T17:51:55.222Z] Checked if tokens are valid: true, expires at: 1774983074803
[debug] [2026-03-31T17:51:55.223Z] [hosting] hash cache [b3V0] stored for 1 files
[debug] [2026-03-31T17:51:55.224Z] [hosting][hash queue][FINAL] {"max":2,"min":2,"avg":2,"active":0,"complete":1,"success":1,"errored":0,"retried":0,"total":1,"elapsed":6}
[debug] [2026-03-31T17:51:55.224Z] >>> [apiv2][query] POST https://firebasehosting.googleapis.com/v1beta1/projects/705152980465/sites/avocat-brasov/versions/d4bd1751f6d0d663:populateFiles [none]
[debug] [2026-03-31T17:51:55.225Z] >>> [apiv2][body] POST https://firebasehosting.googleapis.com/v1beta1/projects/705152980465/sites/avocat-brasov/versions/d4bd1751f6d0d663:populateFiles {"files":{"/index.html":"dde85a680f9c7c64d7cd7b3c2fec497986465ebeaba84f0f99e675da11bb96f2"}}
[debug] [2026-03-31T17:51:55.994Z] <<< [apiv2][status] POST https://firebasehosting.googleapis.com/v1beta1/projects/705152980465/sites/avocat-brasov/versions/d4bd1751f6d0d663:populateFiles 200
[debug] [2026-03-31T17:51:55.994Z] <<< [apiv2][body] POST https://firebasehosting.googleapis.com/v1beta1/projects/705152980465/sites/avocat-brasov/versions/d4bd1751f6d0d663:populateFiles {"uploadRequiredHashes":["dde85a680f9c7c64d7cd7b3c2fec497986465ebeaba84f0f99e675da11bb96f2"],"uploadUrl":"https://upload-firebasehosting.googleapis.com/upload/sites/avocat-brasov/versions/d4bd1751f6d0d663/files"}
[debug] [2026-03-31T17:51:55.995Z] Checked if tokens are valid: true, expires at: 1774983074803
[debug] [2026-03-31T17:51:55.995Z] Checked if tokens are valid: true, expires at: 1774983074803
[debug] [2026-03-31T17:51:55.996Z] >>> [apiv2][query] POST https://upload-firebasehosting.googleapis.com/upload/sites/avocat-brasov/versions/d4bd1751f6d0d663/files/dde85a680f9c7c64d7cd7b3c2fec497986465ebeaba84f0f99e675da11bb96f2 [none]
[debug] [2026-03-31T17:51:55.996Z] >>> [apiv2][body] POST https://upload-firebasehosting.googleapis.com/upload/sites/avocat-brasov/versions/d4bd1751f6d0d663/files/dde85a680f9c7c64d7cd7b3c2fec497986465ebeaba84f0f99e675da11bb96f2 [stream]
[debug] [2026-03-31T17:51:55.997Z] [hosting][populate queue][FINAL] {"max":774,"min":774,"avg":774,"active":0,"complete":1,"success":1,"errored":0,"retried":0,"total":1,"elapsed":776}
[debug] [2026-03-31T17:51:55.997Z] [hosting] uploads queued: 1
[info] i  hosting: uploading new files [0/1] (0%) 
[debug] [2026-03-31T17:51:57.327Z] <<< [apiv2][status] POST https://upload-firebasehosting.googleapis.com/upload/sites/avocat-brasov/versions/d4bd1751f6d0d663/files/dde85a680f9c7c64d7cd7b3c2fec497986465ebeaba84f0f99e675da11bb96f2 200
[debug] [2026-03-31T17:51:57.327Z] <<< [apiv2][body] POST https://upload-firebasehosting.googleapis.com/upload/sites/avocat-brasov/versions/d4bd1751f6d0d663/files/dde85a680f9c7c64d7cd7b3c2fec497986465ebeaba84f0f99e675da11bb96f2 [stream]
[debug] [2026-03-31T17:51:57.328Z] [hosting][upload queue][FINAL] {"max":1333,"min":1333,"avg":1333,"active":0,"complete":1,"success":1,"errored":0,"retried":0,"total":1,"elapsed":1333}
[info] i  hosting: upload complete 
[info] +  hosting[avocat-brasov]: file upload complete 
[debug] [2026-03-31T17:51:57.329Z] [hosting] deploy completed after 2124ms
[debug] [2026-03-31T17:51:57.329Z] [
  {
    "config": {
      "public": "out",
      "ignore": [
        "firebase.json",
        "**/.*",
        "**/node_modules/**"
      ],
      "rewrites": [
        {
          "source": "**",
          "destination": "/index.html"
        }
      ],
      "site": "avocat-brasov"
    },
    "version": "projects/705152980465/sites/avocat-brasov/versions/d4bd1751f6d0d663"
  }
]
[info] i  hosting[avocat-brasov]: finalizing version... 
[debug] [2026-03-31T17:51:57.332Z] Checked if tokens are valid: true, expires at: 1774983074803
[debug] [2026-03-31T17:51:57.334Z] Checked if tokens are valid: true, expires at: 1774983074803
[debug] [2026-03-31T17:51:57.335Z] >>> [apiv2][query] PATCH https://firebasehosting.googleapis.com/v1beta1/projects/-/sites/avocat-brasov/versions/d4bd1751f6d0d663 updateMask=status%2Cconfig
[debug] [2026-03-31T17:51:57.335Z] >>> [apiv2][body] PATCH https://firebasehosting.googleapis.com/v1beta1/projects/-/sites/avocat-brasov/versions/d4bd1751f6d0d663 {"status":"FINALIZED","config":{"rewrites":[{"glob":"**","path":"/index.html"}]}}
[debug] [2026-03-31T17:51:58.859Z] <<< [apiv2][status] PATCH https://firebasehosting.googleapis.com/v1beta1/projects/-/sites/avocat-brasov/versions/d4bd1751f6d0d663 200
[debug] [2026-03-31T17:51:58.859Z] <<< [apiv2][body] PATCH https://firebasehosting.googleapis.com/v1beta1/projects/-/sites/avocat-brasov/versions/d4bd1751f6d0d663 {"name":"projects/705152980465/sites/avocat-brasov/versions/d4bd1751f6d0d663","status":"FINALIZED","config":{"rewrites":[{"glob":"**","path":"/index.html"}]},"labels":{"deployment-tool":"cli-firebase"},"createTime":"2026-03-31T17:51:52.755084Z","createUser":{"email":"serban.iulian4@gmail.com"},"finalizeTime":"2026-03-31T17:51:58.630099Z","finalizeUser":{"email":"serban.iulian4@gmail.com"}}
[debug] [2026-03-31T17:51:58.860Z] [hosting] finalized version for avocat-brasov:[object Object]
[info] +  hosting[avocat-brasov]: version finalized 
[info] i  hosting[avocat-brasov]: releasing new version... 
[debug] [2026-03-31T17:51:58.861Z] Checked if tokens are valid: true, expires at: 1774983074803
[debug] [2026-03-31T17:51:58.861Z] Checked if tokens are valid: true, expires at: 1774983074803
[debug] [2026-03-31T17:51:58.861Z] >>> [apiv2][query] POST https://firebasehosting.googleapis.com/v1beta1/projects/-/sites/avocat-brasov/channels/live/releases versionName=projects%2F705152980465%2Fsites%2Favocat-brasov%2Fversions%2Fd4bd1751f6d0d663
[debug] [2026-03-31T17:51:58.861Z] >>> [apiv2][body] POST https://firebasehosting.googleapis.com/v1beta1/projects/-/sites/avocat-brasov/channels/live/releases {}
[debug] [2026-03-31T17:52:00.165Z] <<< [apiv2][status] POST https://firebasehosting.googleapis.com/v1beta1/projects/-/sites/avocat-brasov/channels/live/releases 200
[debug] [2026-03-31T17:52:00.168Z] <<< [apiv2][body] POST https://firebasehosting.googleapis.com/v1beta1/projects/-/sites/avocat-brasov/channels/live/releases {"name":"projects/705152980465/sites/avocat-brasov/channels/live/releases/1774979519022000","version":{"name":"projects/705152980465/sites/avocat-brasov/versions/d4bd1751f6d0d663","status":"FINALIZED","config":{"rewrites":[{"glob":"**","path":"/index.html"}]},"labels":{"deployment-tool":"cli-firebase"},"createTime":"2026-03-31T17:51:52.755084Z","createUser":{"email":"serban.iulian4@gmail.com","imageUrl":"https://lh3.googleusercontent.com/a/ACg8ocKJd81LLAaOFgeMQGN-0iGveqWIlVqFyW9J9LjVPYnQfW5uxzZ-"},"finalizeTime":"2026-03-31T17:51:58.630099Z","finalizeUser":{"email":"serban.iulian4@gmail.com","imageUrl":"https://lh3.googleusercontent.com/a/ACg8ocKJd81LLAaOFgeMQGN-0iGveqWIlVqFyW9J9LjVPYnQfW5uxzZ-"}},"type":"DEPLOY","releaseTime":"2026-03-31T17:51:59.022Z","releaseUser":{"email":"serban.iulian4@gmail.com","imageUrl":"https://lh3.googleusercontent.com/a/ACg8ocKJd81LLAaOFgeMQGN-0iGveqWIlVqFyW9J9LjVPYnQfW5uxzZ-"}}
[debug] [2026-03-31T17:52:00.170Z] [hosting] release: {"name":"projects/705152980465/sites/avocat-brasov/channels/live/releases/1774979519022000","version":{"name":"projects/705152980465/sites/avocat-brasov/versions/d4bd1751f6d0d663","status":"FINALIZED","config":{"rewrites":[{"glob":"**","path":"/index.html"}]},"labels":{"deployment-tool":"cli-firebase"},"createTime":"2026-03-31T17:51:52.755084Z","createUser":{"email":"serban.iulian4@gmail.com","imageUrl":"https://lh3.googleusercontent.com/a/ACg8ocKJd81LLAaOFgeMQGN-0iGveqWIlVqFyW9J9LjVPYnQfW5uxzZ-"},"finalizeTime":"2026-03-31T17:51:58.630099Z","finalizeUser":{"email":"serban.iulian4@gmail.com","imageUrl":"https://lh3.googleusercontent.com/a/ACg8ocKJd81LLAaOFgeMQGN-0iGveqWIlVqFyW9J9LjVPYnQfW5uxzZ-"}},"type":"DEPLOY","releaseTime":"2026-03-31T17:51:59.022Z","releaseUser":{"email":"serban.iulian4@gmail.com","imageUrl":"https://lh3.googleusercontent.com/a/ACg8ocKJd81LLAaOFgeMQGN-0iGveqWIlVqFyW9J9LjVPYnQfW5uxzZ-"}}
[info] +  hosting[avocat-brasov]: release complete 
[info] 
[info] +  Deploy complete! 
[info] 
[info] Project Console: https://console.firebase.google.com/project/avocat-brasov/overview
[info] Hosting URL: https://avocat-brasov.web.app
